12:30:54 **** Incremental Build of configuration Simulator-Debug for project BMICalculator ****
make -j3 Simulator-Debug 
make -C .//translations -f Makefile update
make[1]: Entering directory '/Users/Arthur/Dropbox/App/qt/Blackberry/blackberry-10-native/BMICalculator/translations'
/Applications/Momentics.app/host_10_3_1_12/darwin/x86/usr/bin/lupdate BMICalculator.pro
Updating 'BMICalculator.ts'...
    Found 0 source text(s) (0 new and 0 already existing)
make[1]: Leaving directory '/Users/Arthur/Dropbox/App/qt/Blackberry/blackberry-10-native/BMICalculator/translations'
make -C .//translations -f Makefile release
make[1]: Entering directory '/Users/Arthur/Dropbox/App/qt/Blackberry/blackberry-10-native/BMICalculator/translations'
/Applications/Momentics.app/host_10_3_1_12/darwin/x86/usr/bin/lrelease BMICalculator.pro
Updating '/Users/Arthur/Dropbox/App/qt/Blackberry/blackberry-10-native/BMICalculator/translations/BMICalculator.qm'...
    Generated 0 translation(s) (0 finished and 0 unfinished)
make[1]: Leaving directory '/Users/Arthur/Dropbox/App/qt/Blackberry/blackberry-10-native/BMICalculator/translations'
make -C ./x86 -f Makefile debug
make[1]: Entering directory '/Users/Arthur/Dropbox/App/qt/Blackberry/blackberry-10-native/BMICalculator/x86'
make -f Makefile.Debug
make[2]: Entering directory '/Users/Arthur/Dropbox/App/qt/Blackberry/blackberry-10-native/BMICalculator/x86'
make[2]: Nothing to be done for 'first'.
make[2]: Leaving directory '/Users/Arthur/Dropbox/App/qt/Blackberry/blackberry-10-native/BMICalculator/x86'
make[1]: Leaving directory '/Users/Arthur/Dropbox/App/qt/Blackberry/blackberry-10-native/BMICalculator/x86'

12:30:55 Build Finished (took 227ms)

