12:44:51 **** Incremental Build of configuration Simulator-Debug for project CustomControl ****
make -j3 Simulator-Debug 
make -C .//translations -f Makefile update
make[1]: Entering directory '/Users/Arthur/Dropbox/App/qt/Blackberry/blackberry-10-native/CustomControl/translations'
/Applications/Momentics.app/host_10_3_1_12/darwin/x86/usr/bin/lupdate CustomControl.pro
Updating 'CustomControl.ts'...
    Found 0 source text(s) (0 new and 0 already existing)
make[1]: Leaving directory '/Users/Arthur/Dropbox/App/qt/Blackberry/blackberry-10-native/CustomControl/translations'
make -C .//translations -f Makefile release
make[1]: Entering directory '/Users/Arthur/Dropbox/App/qt/Blackberry/blackberry-10-native/CustomControl/translations'
/Applications/Momentics.app/host_10_3_1_12/darwin/x86/usr/bin/lrelease CustomControl.pro
Updating '/Users/Arthur/Dropbox/App/qt/Blackberry/blackberry-10-native/CustomControl/translations/CustomControl.qm'...
    Generated 0 translation(s) (0 finished and 0 unfinished)
make[1]: Leaving directory '/Users/Arthur/Dropbox/App/qt/Blackberry/blackberry-10-native/CustomControl/translations'
make -C ./x86 -f Makefile debug
make[1]: Entering directory '/Users/Arthur/Dropbox/App/qt/Blackberry/blackberry-10-native/CustomControl/x86'
make -f Makefile.Debug
make[2]: Entering directory '/Users/Arthur/Dropbox/App/qt/Blackberry/blackberry-10-native/CustomControl/x86'
qcc -Vgcc_ntox86 -c -Wc,-include -Wc,o-g/.obj/CustomControl -Wno-psabi -lang-c++ -fstack-protector -fstack-protector-all -g -Wno-psabi -Wall -W -D_REENTRANT -DQT_NO_IMPORT_QT47_QML -DQ_OS_BLACKBERRY -DQT_DECLARATIVE_DEBUG -DQT_DECLARATIVE_LIB -DQT_CORE_LIB -DQT_SHARED -I/Applications/Momentics.app/target_10_3_1_995/qnx6/usr/share/qt4/mkspecs/blackberry-x86-qcc -I../../CustomControl -I/Applications/Momentics.app/target_10_3_1_995/qnx6/usr/include/qt4/QtCore -I/Applications/Momentics.app/target_10_3_1_995/qnx6/usr/include/qt4/QtDeclarative -I/Applications/Momentics.app/target_10_3_1_995/qnx6/usr/include/qt4 -Io-g/.moc -I/Applications/Momentics.app/target_10_3_1_995/qnx6/usr/include/bb1 -I/Applications/Momentics.app/target_10_3_1_995/qnx6/usr/include -I/Applications/Momentics.app/target_10_3_1_995/qnx6/usr/include/freetype2 -I. -o o-g/.obj/applicationui.o ../src/applicationui.cpp
qcc -Vgcc_ntox86 -lang-c++ -Wl,-rpath-link,/Applications/Momentics.app/target_10_3_1_995/qnx6/x86/lib -Wl,-rpath-link,/Applications/Momentics.app/target_10_3_1_995/qnx6/x86/usr/lib -Wl,-rpath-link,/Applications/Momentics.app/target_10_3_1_995/qnx6/x86/usr/lib/qt4/lib -Wl,-rpath-link,/Applications/Momentics.app/target_10_3_1_995/qnx6/x86/usr/lib/qt4/lib -o o-g/CustomControl o-g/.obj/CircularSlider.o o-g/.obj/applicationui.o o-g/.obj/main.o o-g/.obj/moc_CircularSlider.o o-g/.obj/moc_applicationui.o    -L/Applications/Momentics.app/target_10_3_1_995/qnx6/x86/usr/lib/bb1 -L/Applications/Momentics.app/target_10_3_1_995/qnx6/x86/lib -L/Applications/Momentics.app/target_10_3_1_995/qnx6/x86/usr/lib -L/Applications/Momentics.app/target_10_3_1_995/qnx6/x86/usr/lib/qt4/lib -L/Applications/Momentics.app/target_10_3_1_995/qnx6//usr/lib/qt4/lib -lbbcascades -lQtDeclarative -lQtScript -lQtSvg -lQtSql -lsqlite3 -lz -lQtXmlPatterns -lQtGui -lQtNetwork -lsocket -lQtCore -lm -lbps 
make[2]: Leaving directory '/Users/Arthur/Dropbox/App/qt/Blackberry/blackberry-10-native/CustomControl/x86'
make[1]: Leaving directory '/Users/Arthur/Dropbox/App/qt/Blackberry/blackberry-10-native/CustomControl/x86'

12:44:52 Build Finished (took 1s.612ms)

