21:53:50 **** Build of configuration Device-Debug for project HelloWorld ****
make -j3 Device-Debug 
make -C .//translations -f Makefile update
make[1]: Entering directory '/Users/Arthur/Dropbox/App/qt/Blackberry/blackberry-10-native/HelloWorld/translations'
/Applications/Momentics.app/host_10_3_1_12/darwin/x86/usr/bin/lupdate HelloWorld.pro
cd arm && /Applications/Momentics.app/host_10_3_1_12/darwin/x86/usr/bin/qmake -spec blackberry-armv7le-qcc ../HelloWorld.pro CONFIG+=debug_and_release CONFIG+=device
Updating 'HelloWorld.ts'...
    Found 1 source text(s) (1 new and 0 already existing)
make[1]: Leaving directory '/Users/Arthur/Dropbox/App/qt/Blackberry/blackberry-10-native/HelloWorld/translations'
make -C .//translations -f Makefile release
make[1]: Entering directory '/Users/Arthur/Dropbox/App/qt/Blackberry/blackberry-10-native/HelloWorld/translations'
/Applications/Momentics.app/host_10_3_1_12/darwin/x86/usr/bin/lrelease HelloWorld.pro
Updating '/Users/Arthur/Dropbox/App/qt/Blackberry/blackberry-10-native/HelloWorld/translations/HelloWorld.qm'...
    Generated 0 translation(s) (0 finished and 0 unfinished)
    Ignored 1 untranslated source text(s)
make[1]: Leaving directory '/Users/Arthur/Dropbox/App/qt/Blackberry/blackberry-10-native/HelloWorld/translations'
make -C ./arm -f Makefile debug
make[1]: Entering directory '/Users/Arthur/Dropbox/App/qt/Blackberry/blackberry-10-native/HelloWorld/arm'
make -f Makefile.Debug
make[2]: Entering directory '/Users/Arthur/Dropbox/App/qt/Blackberry/blackberry-10-native/HelloWorld/arm'
/Applications/Momentics.app/host_10_3_1_12/darwin/x86/usr/bin/moc -DQT_NO_IMPORT_QT47_QML -DQ_OS_BLACKBERRY -DQT_DECLARATIVE_DEBUG -DQT_DECLARATIVE_LIB -DQT_CORE_LIB -DQT_SHARED -I/Applications/Momentics.app/target_10_3_1_995/qnx6/usr/share/qt4/mkspecs/blackberry-armv7le-qcc -I../../HelloWorld -I/Applications/Momentics.app/target_10_3_1_995/qnx6/usr/include/qt4/QtCore -I/Applications/Momentics.app/target_10_3_1_995/qnx6/usr/include/qt4/QtDeclarative -I/Applications/Momentics.app/target_10_3_1_995/qnx6/usr/include/qt4 -Io.le-v7-g/.moc -I/Applications/Momentics.app/target_10_3_1_995/qnx6/usr/include/bb1 -I/Applications/Momentics.app/target_10_3_1_995/qnx6/usr/include -I/Applications/Momentics.app/target_10_3_1_995/qnx6/usr/include/freetype2 -I. -D__QNXNTO__ ../src/applicationui.hpp -o o.le-v7-g/.moc/moc_applicationui.cpp
qcc -Vgcc_ntoarmv7le -Wno-psabi -lang-c++ -fstack-protector -fstack-protector-all -mcpu=cortex-a9 -g -Wno-psabi -Wall -W -D_REENTRANT -DQT_NO_IMPORT_QT47_QML -DQ_OS_BLACKBERRY -DQT_DECLARATIVE_DEBUG -DQT_DECLARATIVE_LIB -DQT_CORE_LIB -DQT_SHARED -I/Applications/Momentics.app/target_10_3_1_995/qnx6/usr/share/qt4/mkspecs/blackberry-armv7le-qcc -I../../HelloWorld -I/Applications/Momentics.app/target_10_3_1_995/qnx6/usr/include/qt4/QtCore -I/Applications/Momentics.app/target_10_3_1_995/qnx6/usr/include/qt4/QtDeclarative -I/Applications/Momentics.app/target_10_3_1_995/qnx6/usr/include/qt4 -Io.le-v7-g/.moc -I/Applications/Momentics.app/target_10_3_1_995/qnx6/usr/include/bb1 -I/Applications/Momentics.app/target_10_3_1_995/qnx6/usr/include -I/Applications/Momentics.app/target_10_3_1_995/qnx6/usr/include/freetype2 -I. -x c++-header -c ../precompiled.h -o o.le-v7-g/.obj/HelloWorld.gch/c++
qcc -Vgcc_ntoarmv7le -c -Wc,-include -Wc,o.le-v7-g/.obj/HelloWorld -Wno-psabi -lang-c++ -fstack-protector -fstack-protector-all -mcpu=cortex-a9 -g -Wno-psabi -Wall -W -D_REENTRANT -DQT_NO_IMPORT_QT47_QML -DQ_OS_BLACKBERRY -DQT_DECLARATIVE_DEBUG -DQT_DECLARATIVE_LIB -DQT_CORE_LIB -DQT_SHARED -I/Applications/Momentics.app/target_10_3_1_995/qnx6/usr/share/qt4/mkspecs/blackberry-armv7le-qcc -I../../HelloWorld -I/Applications/Momentics.app/target_10_3_1_995/qnx6/usr/include/qt4/QtCore -I/Applications/Momentics.app/target_10_3_1_995/qnx6/usr/include/qt4/QtDeclarative -I/Applications/Momentics.app/target_10_3_1_995/qnx6/usr/include/qt4 -Io.le-v7-g/.moc -I/Applications/Momentics.app/target_10_3_1_995/qnx6/usr/include/bb1 -I/Applications/Momentics.app/target_10_3_1_995/qnx6/usr/include -I/Applications/Momentics.app/target_10_3_1_995/qnx6/usr/include/freetype2 -I. -o o.le-v7-g/.obj/applicationui.o ../src/applicationui.cpp
qcc -Vgcc_ntoarmv7le -c -Wc,-include -Wc,o.le-v7-g/.obj/HelloWorld -Wno-psabi -lang-c++ -fstack-protector -fstack-protector-all -mcpu=cortex-a9 -g -Wno-psabi -Wall -W -D_REENTRANT -DQT_NO_IMPORT_QT47_QML -DQ_OS_BLACKBERRY -DQT_DECLARATIVE_DEBUG -DQT_DECLARATIVE_LIB -DQT_CORE_LIB -DQT_SHARED -I/Applications/Momentics.app/target_10_3_1_995/qnx6/usr/share/qt4/mkspecs/blackberry-armv7le-qcc -I../../HelloWorld -I/Applications/Momentics.app/target_10_3_1_995/qnx6/usr/include/qt4/QtCore -I/Applications/Momentics.app/target_10_3_1_995/qnx6/usr/include/qt4/QtDeclarative -I/Applications/Momentics.app/target_10_3_1_995/qnx6/usr/include/qt4 -Io.le-v7-g/.moc -I/Applications/Momentics.app/target_10_3_1_995/qnx6/usr/include/bb1 -I/Applications/Momentics.app/target_10_3_1_995/qnx6/usr/include -I/Applications/Momentics.app/target_10_3_1_995/qnx6/usr/include/freetype2 -I. -o o.le-v7-g/.obj/main.o ../src/main.cpp
qcc -Vgcc_ntoarmv7le -c -Wc,-include -Wc,o.le-v7-g/.obj/HelloWorld -Wno-psabi -lang-c++ -fstack-protector -fstack-protector-all -mcpu=cortex-a9 -g -Wno-psabi -Wall -W -D_REENTRANT -DQT_NO_IMPORT_QT47_QML -DQ_OS_BLACKBERRY -DQT_DECLARATIVE_DEBUG -DQT_DECLARATIVE_LIB -DQT_CORE_LIB -DQT_SHARED -I/Applications/Momentics.app/target_10_3_1_995/qnx6/usr/share/qt4/mkspecs/blackberry-armv7le-qcc -I../../HelloWorld -I/Applications/Momentics.app/target_10_3_1_995/qnx6/usr/include/qt4/QtCore -I/Applications/Momentics.app/target_10_3_1_995/qnx6/usr/include/qt4/QtDeclarative -I/Applications/Momentics.app/target_10_3_1_995/qnx6/usr/include/qt4 -Io.le-v7-g/.moc -I/Applications/Momentics.app/target_10_3_1_995/qnx6/usr/include/bb1 -I/Applications/Momentics.app/target_10_3_1_995/qnx6/usr/include -I/Applications/Momentics.app/target_10_3_1_995/qnx6/usr/include/freetype2 -I. -o o.le-v7-g/.obj/moc_applicationui.o o.le-v7-g/.moc/moc_applicationui.cpp
qcc -Vgcc_ntoarmv7le -lang-c++ -Wl,-rpath-link,/Applications/Momentics.app/target_10_3_1_995/qnx6/armle-v7/lib -Wl,-rpath-link,/Applications/Momentics.app/target_10_3_1_995/qnx6/armle-v7/usr/lib -Wl,-rpath-link,/Applications/Momentics.app/target_10_3_1_995/qnx6/armle-v7/usr/lib/qt4/lib -Wl,-rpath-link,/Applications/Momentics.app/target_10_3_1_995/qnx6/armle-v7/usr/lib/qt4/lib -o o.le-v7-g/HelloWorld o.le-v7-g/.obj/applicationui.o o.le-v7-g/.obj/main.o o.le-v7-g/.obj/moc_applicationui.o    -L/Applications/Momentics.app/target_10_3_1_995/qnx6/armle-v7/usr/lib/bb1 -L/Applications/Momentics.app/target_10_3_1_995/qnx6/armle-v7/lib -L/Applications/Momentics.app/target_10_3_1_995/qnx6/armle-v7/usr/lib -L/Applications/Momentics.app/target_10_3_1_995/qnx6/armle-v7/usr/lib/qt4/lib -L/Applications/Momentics.app/target_10_3_1_995/qnx6//usr/lib/qt4/lib -lbbcascades -lQtDeclarative -lQtScript -lQtSvg -lQtSql -lsqlite3 -lz -lQtXmlPatterns -lQtGui -lQtNetwork -lsocket -lQtCore -lm -lbps 
make[2]: Leaving directory '/Users/Arthur/Dropbox/App/qt/Blackberry/blackberry-10-native/HelloWorld/arm'
make[1]: Leaving directory '/Users/Arthur/Dropbox/App/qt/Blackberry/blackberry-10-native/HelloWorld/arm'
21:55:09 **** Incremental Build of configuration Simulator-Debug for project HelloWorld ****
make -j3 Simulator-Debug 
make -C .//translations -f Makefile update
cd x86 && /Applications/Momentics.app/host_10_3_1_12/darwin/x86/usr/bin/qmake -spec blackberry-x86-qcc ../HelloWorld.pro  CONFIG+=debug_and_release CONFIG+=simulator
make[1]: Entering directory '/Users/Arthur/Dropbox/App/qt/Blackberry/blackberry-10-native/HelloWorld/translations'
/Applications/Momentics.app/host_10_3_1_12/darwin/x86/usr/bin/lupdate HelloWorld.pro
Updating 'HelloWorld.ts'...
    Found 1 source text(s) (0 new and 1 already existing)
make[1]: Leaving directory '/Users/Arthur/Dropbox/App/qt/Blackberry/blackberry-10-native/HelloWorld/translations'
make -C .//translations -f Makefile release
make[1]: Entering directory '/Users/Arthur/Dropbox/App/qt/Blackberry/blackberry-10-native/HelloWorld/translations'
/Applications/Momentics.app/host_10_3_1_12/darwin/x86/usr/bin/lrelease HelloWorld.pro
Updating '/Users/Arthur/Dropbox/App/qt/Blackberry/blackberry-10-native/HelloWorld/translations/HelloWorld.qm'...
    Generated 0 translation(s) (0 finished and 0 unfinished)
    Ignored 1 untranslated source text(s)
make[1]: Leaving directory '/Users/Arthur/Dropbox/App/qt/Blackberry/blackberry-10-native/HelloWorld/translations'
make -C ./x86 -f Makefile debug
make[1]: Entering directory '/Users/Arthur/Dropbox/App/qt/Blackberry/blackberry-10-native/HelloWorld/x86'
make -f Makefile.Debug
make[2]: Entering directory '/Users/Arthur/Dropbox/App/qt/Blackberry/blackberry-10-native/HelloWorld/x86'
/Applications/Momentics.app/host_10_3_1_12/darwin/x86/usr/bin/moc -DQT_NO_IMPORT_QT47_QML -DQ_OS_BLACKBERRY -DQT_DECLARATIVE_DEBUG -DQT_DECLARATIVE_LIB -DQT_CORE_LIB -DQT_SHARED -I/Applications/Momentics.app/target_10_3_1_995/qnx6/usr/share/qt4/mkspecs/blackberry-x86-qcc -I../../HelloWorld -I/Applications/Momentics.app/target_10_3_1_995/qnx6/usr/include/qt4/QtCore -I/Applications/Momentics.app/target_10_3_1_995/qnx6/usr/include/qt4/QtDeclarative -I/Applications/Momentics.app/target_10_3_1_995/qnx6/usr/include/qt4 -Io-g/.moc -I/Applications/Momentics.app/target_10_3_1_995/qnx6/usr/include/bb1 -I/Applications/Momentics.app/target_10_3_1_995/qnx6/usr/include -I/Applications/Momentics.app/target_10_3_1_995/qnx6/usr/include/freetype2 -I. -D__QNXNTO__ ../src/applicationui.hpp -o o-g/.moc/moc_applicationui.cpp
qcc -Vgcc_ntox86 -Wno-psabi -lang-c++ -fstack-protector -fstack-protector-all -g -Wno-psabi -Wall -W -D_REENTRANT -DQT_NO_IMPORT_QT47_QML -DQ_OS_BLACKBERRY -DQT_DECLARATIVE_DEBUG -DQT_DECLARATIVE_LIB -DQT_CORE_LIB -DQT_SHARED -I/Applications/Momentics.app/target_10_3_1_995/qnx6/usr/share/qt4/mkspecs/blackberry-x86-qcc -I../../HelloWorld -I/Applications/Momentics.app/target_10_3_1_995/qnx6/usr/include/qt4/QtCore -I/Applications/Momentics.app/target_10_3_1_995/qnx6/usr/include/qt4/QtDeclarative -I/Applications/Momentics.app/target_10_3_1_995/qnx6/usr/include/qt4 -Io-g/.moc -I/Applications/Momentics.app/target_10_3_1_995/qnx6/usr/include/bb1 -I/Applications/Momentics.app/target_10_3_1_995/qnx6/usr/include -I/Applications/Momentics.app/target_10_3_1_995/qnx6/usr/include/freetype2 -I. -x c++-header -c ../precompiled.h -o o-g/.obj/HelloWorld.gch/c++
qcc -Vgcc_ntox86 -c -Wc,-include -Wc,o-g/.obj/HelloWorld -Wno-psabi -lang-c++ -fstack-protector -fstack-protector-all -g -Wno-psabi -Wall -W -D_REENTRANT -DQT_NO_IMPORT_QT47_QML -DQ_OS_BLACKBERRY -DQT_DECLARATIVE_DEBUG -DQT_DECLARATIVE_LIB -DQT_CORE_LIB -DQT_SHARED -I/Applications/Momentics.app/target_10_3_1_995/qnx6/usr/share/qt4/mkspecs/blackberry-x86-qcc -I../../HelloWorld -I/Applications/Momentics.app/target_10_3_1_995/qnx6/usr/include/qt4/QtCore -I/Applications/Momentics.app/target_10_3_1_995/qnx6/usr/include/qt4/QtDeclarative -I/Applications/Momentics.app/target_10_3_1_995/qnx6/usr/include/qt4 -Io-g/.moc -I/Applications/Momentics.app/target_10_3_1_995/qnx6/usr/include/bb1 -I/Applications/Momentics.app/target_10_3_1_995/qnx6/usr/include -I/Applications/Momentics.app/target_10_3_1_995/qnx6/usr/include/freetype2 -I. -o o-g/.obj/applicationui.o ../src/applicationui.cpp
qcc -Vgcc_ntox86 -c -Wc,-include -Wc,o-g/.obj/HelloWorld -Wno-psabi -lang-c++ -fstack-protector -fstack-protector-all -g -Wno-psabi -Wall -W -D_REENTRANT -DQT_NO_IMPORT_QT47_QML -DQ_OS_BLACKBERRY -DQT_DECLARATIVE_DEBUG -DQT_DECLARATIVE_LIB -DQT_CORE_LIB -DQT_SHARED -I/Applications/Momentics.app/target_10_3_1_995/qnx6/usr/share/qt4/mkspecs/blackberry-x86-qcc -I../../HelloWorld -I/Applications/Momentics.app/target_10_3_1_995/qnx6/usr/include/qt4/QtCore -I/Applications/Momentics.app/target_10_3_1_995/qnx6/usr/include/qt4/QtDeclarative -I/Applications/Momentics.app/target_10_3_1_995/qnx6/usr/include/qt4 -Io-g/.moc -I/Applications/Momentics.app/target_10_3_1_995/qnx6/usr/include/bb1 -I/Applications/Momentics.app/target_10_3_1_995/qnx6/usr/include -I/Applications/Momentics.app/target_10_3_1_995/qnx6/usr/include/freetype2 -I. -o o-g/.obj/main.o ../src/main.cpp
qcc -Vgcc_ntox86 -c -Wc,-include -Wc,o-g/.obj/HelloWorld -Wno-psabi -lang-c++ -fstack-protector -fstack-protector-all -g -Wno-psabi -Wall -W -D_REENTRANT -DQT_NO_IMPORT_QT47_QML -DQ_OS_BLACKBERRY -DQT_DECLARATIVE_DEBUG -DQT_DECLARATIVE_LIB -DQT_CORE_LIB -DQT_SHARED -I/Applications/Momentics.app/target_10_3_1_995/qnx6/usr/share/qt4/mkspecs/blackberry-x86-qcc -I../../HelloWorld -I/Applications/Momentics.app/target_10_3_1_995/qnx6/usr/include/qt4/QtCore -I/Applications/Momentics.app/target_10_3_1_995/qnx6/usr/include/qt4/QtDeclarative -I/Applications/Momentics.app/target_10_3_1_995/qnx6/usr/include/qt4 -Io-g/.moc -I/Applications/Momentics.app/target_10_3_1_995/qnx6/usr/include/bb1 -I/Applications/Momentics.app/target_10_3_1_995/qnx6/usr/include -I/Applications/Momentics.app/target_10_3_1_995/qnx6/usr/include/freetype2 -I. -o o-g/.obj/moc_applicationui.o o-g/.moc/moc_applicationui.cpp
qcc -Vgcc_ntox86 -lang-c++ -Wl,-rpath-link,/Applications/Momentics.app/target_10_3_1_995/qnx6/x86/lib -Wl,-rpath-link,/Applications/Momentics.app/target_10_3_1_995/qnx6/x86/usr/lib -Wl,-rpath-link,/Applications/Momentics.app/target_10_3_1_995/qnx6/x86/usr/lib/qt4/lib -Wl,-rpath-link,/Applications/Momentics.app/target_10_3_1_995/qnx6/x86/usr/lib/qt4/lib -o o-g/HelloWorld o-g/.obj/applicationui.o o-g/.obj/main.o o-g/.obj/moc_applicationui.o    -L/Applications/Momentics.app/target_10_3_1_995/qnx6/x86/usr/lib/bb1 -L/Applications/Momentics.app/target_10_3_1_995/qnx6/x86/lib -L/Applications/Momentics.app/target_10_3_1_995/qnx6/x86/usr/lib -L/Applications/Momentics.app/target_10_3_1_995/qnx6/x86/usr/lib/qt4/lib -L/Applications/Momentics.app/target_10_3_1_995/qnx6//usr/lib/qt4/lib -lbbcascades -lQtDeclarative -lQtScript -lQtSvg -lQtSql -lsqlite3 -lz -lQtXmlPatterns -lQtGui -lQtNetwork -lsocket -lQtCore -lm -lbps 
make[2]: Leaving directory '/Users/Arthur/Dropbox/App/qt/Blackberry/blackberry-10-native/HelloWorld/x86'
make[1]: Leaving directory '/Users/Arthur/Dropbox/App/qt/Blackberry/blackberry-10-native/HelloWorld/x86'
13:27:17 **** Incremental Build of configuration Simulator-Debug for project HelloWorld ****
make -j3 Simulator-Debug 
make -C .//translations -f Makefile update
make[1]: Entering directory '/Users/Arthur/Dropbox/App/qt/Blackberry/blackberry-10-native/HelloWorld/translations'
/Applications/Momentics.app/host_10_3_1_12/darwin/x86/usr/bin/lupdate HelloWorld.pro
Updating 'HelloWorld.ts'...
    Found 0 source text(s) (0 new and 0 already existing)
    Kept 1 obsolete entries
make[1]: Leaving directory '/Users/Arthur/Dropbox/App/qt/Blackberry/blackberry-10-native/HelloWorld/translations'
make -C .//translations -f Makefile release
make[1]: Entering directory '/Users/Arthur/Dropbox/App/qt/Blackberry/blackberry-10-native/HelloWorld/translations'
/Applications/Momentics.app/host_10_3_1_12/darwin/x86/usr/bin/lrelease HelloWorld.pro
Updating '/Users/Arthur/Dropbox/App/qt/Blackberry/blackberry-10-native/HelloWorld/translations/HelloWorld.qm'...
    Generated 0 translation(s) (0 finished and 0 unfinished)
make[1]: Leaving directory '/Users/Arthur/Dropbox/App/qt/Blackberry/blackberry-10-native/HelloWorld/translations'
make -C ./x86 -f Makefile debug
make[1]: Entering directory '/Users/Arthur/Dropbox/App/qt/Blackberry/blackberry-10-native/HelloWorld/x86'
make -f Makefile.Debug
make[2]: Entering directory '/Users/Arthur/Dropbox/App/qt/Blackberry/blackberry-10-native/HelloWorld/x86'
make[2]: Nothing to be done for 'first'.
make[2]: Leaving directory '/Users/Arthur/Dropbox/App/qt/Blackberry/blackberry-10-native/HelloWorld/x86'
make[1]: Leaving directory '/Users/Arthur/Dropbox/App/qt/Blackberry/blackberry-10-native/HelloWorld/x86'
08:51:16 **** Build of configuration Device-Debug for project ImageOpacity ****
make -j3 Device-Debug 
make -C .//translations -f Makefile update
make[1]: Entering directory '/Users/Arthur/Dropbox/App/qt/Blackberry/blackberry-10-native/ImageOpacity/translations'
/Applications/Momentics.app/host_10_3_1_12/darwin/x86/usr/bin/lupdate ImageOpacity.pro
cd arm && /Applications/Momentics.app/host_10_3_1_12/darwin/x86/usr/bin/qmake -spec blackberry-armv7le-qcc ../ImageOpacity.pro CONFIG+=debug_and_release CONFIG+=device
Updating 'ImageOpacity.ts'...
    Found 1 source text(s) (1 new and 0 already existing)
make[1]: Leaving directory '/Users/Arthur/Dropbox/App/qt/Blackberry/blackberry-10-native/ImageOpacity/translations'
make -C .//translations -f Makefile release
make[1]: Entering directory '/Users/Arthur/Dropbox/App/qt/Blackberry/blackberry-10-native/ImageOpacity/translations'
/Applications/Momentics.app/host_10_3_1_12/darwin/x86/usr/bin/lrelease ImageOpacity.pro
Updating '/Users/Arthur/Dropbox/App/qt/Blackberry/blackberry-10-native/ImageOpacity/translations/ImageOpacity.qm'...
    Generated 0 translation(s) (0 finished and 0 unfinished)
    Ignored 1 untranslated source text(s)
make[1]: Leaving directory '/Users/Arthur/Dropbox/App/qt/Blackberry/blackberry-10-native/ImageOpacity/translations'
make -C ./arm -f Makefile debug
make[1]: Entering directory '/Users/Arthur/Dropbox/App/qt/Blackberry/blackberry-10-native/ImageOpacity/arm'
make -f Makefile.Debug
make[2]: Entering directory '/Users/Arthur/Dropbox/App/qt/Blackberry/blackberry-10-native/ImageOpacity/arm'
/Applications/Momentics.app/host_10_3_1_12/darwin/x86/usr/bin/moc -DQT_NO_IMPORT_QT47_QML -DQ_OS_BLACKBERRY -DQT_DECLARATIVE_DEBUG -DQT_DECLARATIVE_LIB -DQT_CORE_LIB -DQT_SHARED -I/Applications/Momentics.app/target_10_3_1_995/qnx6/usr/share/qt4/mkspecs/blackberry-armv7le-qcc -I../../ImageOpacity -I/Applications/Momentics.app/target_10_3_1_995/qnx6/usr/include/qt4/QtCore -I/Applications/Momentics.app/target_10_3_1_995/qnx6/usr/include/qt4/QtDeclarative -I/Applications/Momentics.app/target_10_3_1_995/qnx6/usr/include/qt4 -Io.le-v7-g/.moc -I/Applications/Momentics.app/target_10_3_1_995/qnx6/usr/include/bb1 -I/Applications/Momentics.app/target_10_3_1_995/qnx6/usr/include -I/Applications/Momentics.app/target_10_3_1_995/qnx6/usr/include/freetype2 -I. -D__QNXNTO__ ../src/applicationui.hpp -o o.le-v7-g/.moc/moc_applicationui.cpp
qcc -Vgcc_ntoarmv7le -Wno-psabi -lang-c++ -fstack-protector -fstack-protector-all -mcpu=cortex-a9 -g -Wno-psabi -Wall -W -D_REENTRANT -DQT_NO_IMPORT_QT47_QML -DQ_OS_BLACKBERRY -DQT_DECLARATIVE_DEBUG -DQT_DECLARATIVE_LIB -DQT_CORE_LIB -DQT_SHARED -I/Applications/Momentics.app/target_10_3_1_995/qnx6/usr/share/qt4/mkspecs/blackberry-armv7le-qcc -I../../ImageOpacity -I/Applications/Momentics.app/target_10_3_1_995/qnx6/usr/include/qt4/QtCore -I/Applications/Momentics.app/target_10_3_1_995/qnx6/usr/include/qt4/QtDeclarative -I/Applications/Momentics.app/target_10_3_1_995/qnx6/usr/include/qt4 -Io.le-v7-g/.moc -I/Applications/Momentics.app/target_10_3_1_995/qnx6/usr/include/bb1 -I/Applications/Momentics.app/target_10_3_1_995/qnx6/usr/include -I/Applications/Momentics.app/target_10_3_1_995/qnx6/usr/include/freetype2 -I. -x c++-header -c ../precompiled.h -o o.le-v7-g/.obj/ImageOpacity.gch/c++
qcc -Vgcc_ntoarmv7le -c -Wc,-include -Wc,o.le-v7-g/.obj/ImageOpacity -Wno-psabi -lang-c++ -fstack-protector -fstack-protector-all -mcpu=cortex-a9 -g -Wno-psabi -Wall -W -D_REENTRANT -DQT_NO_IMPORT_QT47_QML -DQ_OS_BLACKBERRY -DQT_DECLARATIVE_DEBUG -DQT_DECLARATIVE_LIB -DQT_CORE_LIB -DQT_SHARED -I/Applications/Momentics.app/target_10_3_1_995/qnx6/usr/share/qt4/mkspecs/blackberry-armv7le-qcc -I../../ImageOpacity -I/Applications/Momentics.app/target_10_3_1_995/qnx6/usr/include/qt4/QtCore -I/Applications/Momentics.app/target_10_3_1_995/qnx6/usr/include/qt4/QtDeclarative -I/Applications/Momentics.app/target_10_3_1_995/qnx6/usr/include/qt4 -Io.le-v7-g/.moc -I/Applications/Momentics.app/target_10_3_1_995/qnx6/usr/include/bb1 -I/Applications/Momentics.app/target_10_3_1_995/qnx6/usr/include -I/Applications/Momentics.app/target_10_3_1_995/qnx6/usr/include/freetype2 -I. -o o.le-v7-g/.obj/applicationui.o ../src/applicationui.cpp
qcc -Vgcc_ntoarmv7le -c -Wc,-include -Wc,o.le-v7-g/.obj/ImageOpacity -Wno-psabi -lang-c++ -fstack-protector -fstack-protector-all -mcpu=cortex-a9 -g -Wno-psabi -Wall -W -D_REENTRANT -DQT_NO_IMPORT_QT47_QML -DQ_OS_BLACKBERRY -DQT_DECLARATIVE_DEBUG -DQT_DECLARATIVE_LIB -DQT_CORE_LIB -DQT_SHARED -I/Applications/Momentics.app/target_10_3_1_995/qnx6/usr/share/qt4/mkspecs/blackberry-armv7le-qcc -I../../ImageOpacity -I/Applications/Momentics.app/target_10_3_1_995/qnx6/usr/include/qt4/QtCore -I/Applications/Momentics.app/target_10_3_1_995/qnx6/usr/include/qt4/QtDeclarative -I/Applications/Momentics.app/target_10_3_1_995/qnx6/usr/include/qt4 -Io.le-v7-g/.moc -I/Applications/Momentics.app/target_10_3_1_995/qnx6/usr/include/bb1 -I/Applications/Momentics.app/target_10_3_1_995/qnx6/usr/include -I/Applications/Momentics.app/target_10_3_1_995/qnx6/usr/include/freetype2 -I. -o o.le-v7-g/.obj/main.o ../src/main.cpp
qcc -Vgcc_ntoarmv7le -c -Wc,-include -Wc,o.le-v7-g/.obj/ImageOpacity -Wno-psabi -lang-c++ -fstack-protector -fstack-protector-all -mcpu=cortex-a9 -g -Wno-psabi -Wall -W -D_REENTRANT -DQT_NO_IMPORT_QT47_QML -DQ_OS_BLACKBERRY -DQT_DECLARATIVE_DEBUG -DQT_DECLARATIVE_LIB -DQT_CORE_LIB -DQT_SHARED -I/Applications/Momentics.app/target_10_3_1_995/qnx6/usr/share/qt4/mkspecs/blackberry-armv7le-qcc -I../../ImageOpacity -I/Applications/Momentics.app/target_10_3_1_995/qnx6/usr/include/qt4/QtCore -I/Applications/Momentics.app/target_10_3_1_995/qnx6/usr/include/qt4/QtDeclarative -I/Applications/Momentics.app/target_10_3_1_995/qnx6/usr/include/qt4 -Io.le-v7-g/.moc -I/Applications/Momentics.app/target_10_3_1_995/qnx6/usr/include/bb1 -I/Applications/Momentics.app/target_10_3_1_995/qnx6/usr/include -I/Applications/Momentics.app/target_10_3_1_995/qnx6/usr/include/freetype2 -I. -o o.le-v7-g/.obj/moc_applicationui.o o.le-v7-g/.moc/moc_applicationui.cpp
qcc -Vgcc_ntoarmv7le -lang-c++ -Wl,-rpath-link,/Applications/Momentics.app/target_10_3_1_995/qnx6/armle-v7/lib -Wl,-rpath-link,/Applications/Momentics.app/target_10_3_1_995/qnx6/armle-v7/usr/lib -Wl,-rpath-link,/Applications/Momentics.app/target_10_3_1_995/qnx6/armle-v7/usr/lib/qt4/lib -Wl,-rpath-link,/Applications/Momentics.app/target_10_3_1_995/qnx6/armle-v7/usr/lib/qt4/lib -o o.le-v7-g/ImageOpacity o.le-v7-g/.obj/applicationui.o o.le-v7-g/.obj/main.o o.le-v7-g/.obj/moc_applicationui.o    -L/Applications/Momentics.app/target_10_3_1_995/qnx6/armle-v7/usr/lib/bb1 -L/Applications/Momentics.app/target_10_3_1_995/qnx6/armle-v7/lib -L/Applications/Momentics.app/target_10_3_1_995/qnx6/armle-v7/usr/lib -L/Applications/Momentics.app/target_10_3_1_995/qnx6/armle-v7/usr/lib/qt4/lib -L/Applications/Momentics.app/target_10_3_1_995/qnx6//usr/lib/qt4/lib -lbbcascades -lQtDeclarative -lQtScript -lQtSvg -lQtSql -lsqlite3 -lz -lQtXmlPatterns -lQtGui -lQtNetwork -lsocket -lQtCore -lm -lbps 
make[2]: Leaving directory '/Users/Arthur/Dropbox/App/qt/Blackberry/blackberry-10-native/ImageOpacity/arm'
make[1]: Leaving directory '/Users/Arthur/Dropbox/App/qt/Blackberry/blackberry-10-native/ImageOpacity/arm'
14:28:31 **** Incremental Build of configuration Simulator-Debug for project ImageOpacity ****
make -j3 Simulator-Debug 
make -C .//translations -f Makefile update
make[1]: Entering directory '/Users/Arthur/Dropbox/App/qt/Blackberry/blackberry-10-native/ImageOpacity/translations'
/Applications/Momentics.app/host_10_3_1_12/darwin/x86/usr/bin/lupdate ImageOpacity.pro
cd x86 && /Applications/Momentics.app/host_10_3_1_12/darwin/x86/usr/bin/qmake -spec blackberry-x86-qcc ../ImageOpacity.pro  CONFIG+=debug_and_release CONFIG+=simulator
Updating 'ImageOpacity.ts'...
    Found 0 source text(s) (0 new and 0 already existing)
    Kept 1 obsolete entries
make[1]: Leaving directory '/Users/Arthur/Dropbox/App/qt/Blackberry/blackberry-10-native/ImageOpacity/translations'
make -C .//translations -f Makefile release
make[1]: Entering directory '/Users/Arthur/Dropbox/App/qt/Blackberry/blackberry-10-native/ImageOpacity/translations'
/Applications/Momentics.app/host_10_3_1_12/darwin/x86/usr/bin/lrelease ImageOpacity.pro
Updating '/Users/Arthur/Dropbox/App/qt/Blackberry/blackberry-10-native/ImageOpacity/translations/ImageOpacity.qm'...
    Generated 0 translation(s) (0 finished and 0 unfinished)
make[1]: Leaving directory '/Users/Arthur/Dropbox/App/qt/Blackberry/blackberry-10-native/ImageOpacity/translations'
make -C ./x86 -f Makefile debug
make[1]: Entering directory '/Users/Arthur/Dropbox/App/qt/Blackberry/blackberry-10-native/ImageOpacity/x86'
make -f Makefile.Debug
make[2]: Entering directory '/Users/Arthur/Dropbox/App/qt/Blackberry/blackberry-10-native/ImageOpacity/x86'
/Applications/Momentics.app/host_10_3_1_12/darwin/x86/usr/bin/moc -DQT_NO_IMPORT_QT47_QML -DQ_OS_BLACKBERRY -DQT_DECLARATIVE_DEBUG -DQT_DECLARATIVE_LIB -DQT_CORE_LIB -DQT_SHARED -I/Applications/Momentics.app/target_10_3_1_995/qnx6/usr/share/qt4/mkspecs/blackberry-x86-qcc -I../../ImageOpacity -I/Applications/Momentics.app/target_10_3_1_995/qnx6/usr/include/qt4/QtCore -I/Applications/Momentics.app/target_10_3_1_995/qnx6/usr/include/qt4/QtDeclarative -I/Applications/Momentics.app/target_10_3_1_995/qnx6/usr/include/qt4 -Io-g/.moc -I/Applications/Momentics.app/target_10_3_1_995/qnx6/usr/include/bb1 -I/Applications/Momentics.app/target_10_3_1_995/qnx6/usr/include -I/Applications/Momentics.app/target_10_3_1_995/qnx6/usr/include/freetype2 -I. -D__QNXNTO__ ../src/applicationui.hpp -o o-g/.moc/moc_applicationui.cpp
qcc -Vgcc_ntox86 -Wno-psabi -lang-c++ -fstack-protector -fstack-protector-all -g -Wno-psabi -Wall -W -D_REENTRANT -DQT_NO_IMPORT_QT47_QML -DQ_OS_BLACKBERRY -DQT_DECLARATIVE_DEBUG -DQT_DECLARATIVE_LIB -DQT_CORE_LIB -DQT_SHARED -I/Applications/Momentics.app/target_10_3_1_995/qnx6/usr/share/qt4/mkspecs/blackberry-x86-qcc -I../../ImageOpacity -I/Applications/Momentics.app/target_10_3_1_995/qnx6/usr/include/qt4/QtCore -I/Applications/Momentics.app/target_10_3_1_995/qnx6/usr/include/qt4/QtDeclarative -I/Applications/Momentics.app/target_10_3_1_995/qnx6/usr/include/qt4 -Io-g/.moc -I/Applications/Momentics.app/target_10_3_1_995/qnx6/usr/include/bb1 -I/Applications/Momentics.app/target_10_3_1_995/qnx6/usr/include -I/Applications/Momentics.app/target_10_3_1_995/qnx6/usr/include/freetype2 -I. -x c++-header -c ../precompiled.h -o o-g/.obj/ImageOpacity.gch/c++
qcc -Vgcc_ntox86 -c -Wc,-include -Wc,o-g/.obj/ImageOpacity -Wno-psabi -lang-c++ -fstack-protector -fstack-protector-all -g -Wno-psabi -Wall -W -D_REENTRANT -DQT_NO_IMPORT_QT47_QML -DQ_OS_BLACKBERRY -DQT_DECLARATIVE_DEBUG -DQT_DECLARATIVE_LIB -DQT_CORE_LIB -DQT_SHARED -I/Applications/Momentics.app/target_10_3_1_995/qnx6/usr/share/qt4/mkspecs/blackberry-x86-qcc -I../../ImageOpacity -I/Applications/Momentics.app/target_10_3_1_995/qnx6/usr/include/qt4/QtCore -I/Applications/Momentics.app/target_10_3_1_995/qnx6/usr/include/qt4/QtDeclarative -I/Applications/Momentics.app/target_10_3_1_995/qnx6/usr/include/qt4 -Io-g/.moc -I/Applications/Momentics.app/target_10_3_1_995/qnx6/usr/include/bb1 -I/Applications/Momentics.app/target_10_3_1_995/qnx6/usr/include -I/Applications/Momentics.app/target_10_3_1_995/qnx6/usr/include/freetype2 -I. -o o-g/.obj/applicationui.o ../src/applicationui.cpp
qcc -Vgcc_ntox86 -c -Wc,-include -Wc,o-g/.obj/ImageOpacity -Wno-psabi -lang-c++ -fstack-protector -fstack-protector-all -g -Wno-psabi -Wall -W -D_REENTRANT -DQT_NO_IMPORT_QT47_QML -DQ_OS_BLACKBERRY -DQT_DECLARATIVE_DEBUG -DQT_DECLARATIVE_LIB -DQT_CORE_LIB -DQT_SHARED -I/Applications/Momentics.app/target_10_3_1_995/qnx6/usr/share/qt4/mkspecs/blackberry-x86-qcc -I../../ImageOpacity -I/Applications/Momentics.app/target_10_3_1_995/qnx6/usr/include/qt4/QtCore -I/Applications/Momentics.app/target_10_3_1_995/qnx6/usr/include/qt4/QtDeclarative -I/Applications/Momentics.app/target_10_3_1_995/qnx6/usr/include/qt4 -Io-g/.moc -I/Applications/Momentics.app/target_10_3_1_995/qnx6/usr/include/bb1 -I/Applications/Momentics.app/target_10_3_1_995/qnx6/usr/include -I/Applications/Momentics.app/target_10_3_1_995/qnx6/usr/include/freetype2 -I. -o o-g/.obj/main.o ../src/main.cpp
qcc -Vgcc_ntox86 -c -Wc,-include -Wc,o-g/.obj/ImageOpacity -Wno-psabi -lang-c++ -fstack-protector -fstack-protector-all -g -Wno-psabi -Wall -W -D_REENTRANT -DQT_NO_IMPORT_QT47_QML -DQ_OS_BLACKBERRY -DQT_DECLARATIVE_DEBUG -DQT_DECLARATIVE_LIB -DQT_CORE_LIB -DQT_SHARED -I/Applications/Momentics.app/target_10_3_1_995/qnx6/usr/share/qt4/mkspecs/blackberry-x86-qcc -I../../ImageOpacity -I/Applications/Momentics.app/target_10_3_1_995/qnx6/usr/include/qt4/QtCore -I/Applications/Momentics.app/target_10_3_1_995/qnx6/usr/include/qt4/QtDeclarative -I/Applications/Momentics.app/target_10_3_1_995/qnx6/usr/include/qt4 -Io-g/.moc -I/Applications/Momentics.app/target_10_3_1_995/qnx6/usr/include/bb1 -I/Applications/Momentics.app/target_10_3_1_995/qnx6/usr/include -I/Applications/Momentics.app/target_10_3_1_995/qnx6/usr/include/freetype2 -I. -o o-g/.obj/moc_applicationui.o o-g/.moc/moc_applicationui.cpp
qcc -Vgcc_ntox86 -lang-c++ -Wl,-rpath-link,/Applications/Momentics.app/target_10_3_1_995/qnx6/x86/lib -Wl,-rpath-link,/Applications/Momentics.app/target_10_3_1_995/qnx6/x86/usr/lib -Wl,-rpath-link,/Applications/Momentics.app/target_10_3_1_995/qnx6/x86/usr/lib/qt4/lib -Wl,-rpath-link,/Applications/Momentics.app/target_10_3_1_995/qnx6/x86/usr/lib/qt4/lib -o o-g/ImageOpacity o-g/.obj/applicationui.o o-g/.obj/main.o o-g/.obj/moc_applicationui.o    -L/Applications/Momentics.app/target_10_3_1_995/qnx6/x86/usr/lib/bb1 -L/Applications/Momentics.app/target_10_3_1_995/qnx6/x86/lib -L/Applications/Momentics.app/target_10_3_1_995/qnx6/x86/usr/lib -L/Applications/Momentics.app/target_10_3_1_995/qnx6/x86/usr/lib/qt4/lib -L/Applications/Momentics.app/target_10_3_1_995/qnx6//usr/lib/qt4/lib -lbbcascades -lQtDeclarative -lQtScript -lQtSvg -lQtSql -lsqlite3 -lz -lQtXmlPatterns -lQtGui -lQtNetwork -lsocket -lQtCore -lm -lbps 
make[2]: Leaving directory '/Users/Arthur/Dropbox/App/qt/Blackberry/blackberry-10-native/ImageOpacity/x86'
make[1]: Leaving directory '/Users/Arthur/Dropbox/App/qt/Blackberry/blackberry-10-native/ImageOpacity/x86'
14:31:54 **** Incremental Build of configuration Simulator-Debug for project ImageOpacity ****
make -j3 Simulator-Debug 
make -C .//translations -f Makefile update
make[1]: Entering directory '/Users/Arthur/Dropbox/App/qt/Blackberry/blackberry-10-native/ImageOpacity/translations'
/Applications/Momentics.app/host_10_3_1_12/darwin/x86/usr/bin/lupdate ImageOpacity.pro
Updating 'ImageOpacity.ts'...
    Found 0 source text(s) (0 new and 0 already existing)
make[1]: Leaving directory '/Users/Arthur/Dropbox/App/qt/Blackberry/blackberry-10-native/ImageOpacity/translations'
make -C .//translations -f Makefile release
make[1]: Entering directory '/Users/Arthur/Dropbox/App/qt/Blackberry/blackberry-10-native/ImageOpacity/translations'
/Applications/Momentics.app/host_10_3_1_12/darwin/x86/usr/bin/lrelease ImageOpacity.pro
Updating '/Users/Arthur/Dropbox/App/qt/Blackberry/blackberry-10-native/ImageOpacity/translations/ImageOpacity.qm'...
    Generated 0 translation(s) (0 finished and 0 unfinished)
make[1]: Leaving directory '/Users/Arthur/Dropbox/App/qt/Blackberry/blackberry-10-native/ImageOpacity/translations'
make -C ./x86 -f Makefile debug
make[1]: Entering directory '/Users/Arthur/Dropbox/App/qt/Blackberry/blackberry-10-native/ImageOpacity/x86'
make -f Makefile.Debug
make[2]: Entering directory '/Users/Arthur/Dropbox/App/qt/Blackberry/blackberry-10-native/ImageOpacity/x86'
make[2]: Nothing to be done for 'first'.
make[2]: Leaving directory '/Users/Arthur/Dropbox/App/qt/Blackberry/blackberry-10-native/ImageOpacity/x86'
make[1]: Leaving directory '/Users/Arthur/Dropbox/App/qt/Blackberry/blackberry-10-native/ImageOpacity/x86'
14:33:04 **** Incremental Build of configuration Simulator-Debug for project ImageOpacity ****
make -j3 Simulator-Debug 
make -C .//translations -f Makefile update
make[1]: Entering directory '/Users/Arthur/Dropbox/App/qt/Blackberry/blackberry-10-native/ImageOpacity/translations'
/Applications/Momentics.app/host_10_3_1_12/darwin/x86/usr/bin/lupdate ImageOpacity.pro
Updating 'ImageOpacity.ts'...
    Found 0 source text(s) (0 new and 0 already existing)
make[1]: Leaving directory '/Users/Arthur/Dropbox/App/qt/Blackberry/blackberry-10-native/ImageOpacity/translations'
make -C .//translations -f Makefile release
make[1]: Entering directory '/Users/Arthur/Dropbox/App/qt/Blackberry/blackberry-10-native/ImageOpacity/translations'
/Applications/Momentics.app/host_10_3_1_12/darwin/x86/usr/bin/lrelease ImageOpacity.pro
Updating '/Users/Arthur/Dropbox/App/qt/Blackberry/blackberry-10-native/ImageOpacity/translations/ImageOpacity.qm'...
    Generated 0 translation(s) (0 finished and 0 unfinished)
make[1]: Leaving directory '/Users/Arthur/Dropbox/App/qt/Blackberry/blackberry-10-native/ImageOpacity/translations'
make -C ./x86 -f Makefile debug
make[1]: Entering directory '/Users/Arthur/Dropbox/App/qt/Blackberry/blackberry-10-native/ImageOpacity/x86'
make -f Makefile.Debug
make[2]: Entering directory '/Users/Arthur/Dropbox/App/qt/Blackberry/blackberry-10-native/ImageOpacity/x86'
make[2]: Nothing to be done for 'first'.
make[2]: Leaving directory '/Users/Arthur/Dropbox/App/qt/Blackberry/blackberry-10-native/ImageOpacity/x86'
make[1]: Leaving directory '/Users/Arthur/Dropbox/App/qt/Blackberry/blackberry-10-native/ImageOpacity/x86'
08:49:41 **** Build of configuration Device-Debug for project BMICalculator ****
make -j3 Device-Debug 
make -C .//translations -f Makefile update
make[1]: Entering directory '/Users/Arthur/Dropbox/App/qt/Blackberry/blackberry-10-native/BMICalculator/translations'
/Applications/Momentics.app/host_10_3_1_12/darwin/x86/usr/bin/lupdate BMICalculator.pro
cd arm && /Applications/Momentics.app/host_10_3_1_12/darwin/x86/usr/bin/qmake -spec blackberry-armv7le-qcc ../BMICalculator.pro CONFIG+=debug_and_release CONFIG+=device
Updating 'BMICalculator.ts'...
    Found 1 source text(s) (1 new and 0 already existing)
make[1]: Leaving directory '/Users/Arthur/Dropbox/App/qt/Blackberry/blackberry-10-native/BMICalculator/translations'
make -C .//translations -f Makefile release
make[1]: Entering directory '/Users/Arthur/Dropbox/App/qt/Blackberry/blackberry-10-native/BMICalculator/translations'
/Applications/Momentics.app/host_10_3_1_12/darwin/x86/usr/bin/lrelease BMICalculator.pro
Updating '/Users/Arthur/Dropbox/App/qt/Blackberry/blackberry-10-native/BMICalculator/translations/BMICalculator.qm'...
    Generated 0 translation(s) (0 finished and 0 unfinished)
    Ignored 1 untranslated source text(s)
make[1]: Leaving directory '/Users/Arthur/Dropbox/App/qt/Blackberry/blackberry-10-native/BMICalculator/translations'
make -C ./arm -f Makefile debug
make[1]: Entering directory '/Users/Arthur/Dropbox/App/qt/Blackberry/blackberry-10-native/BMICalculator/arm'
make -f Makefile.Debug
make[2]: Entering directory '/Users/Arthur/Dropbox/App/qt/Blackberry/blackberry-10-native/BMICalculator/arm'
/Applications/Momentics.app/host_10_3_1_12/darwin/x86/usr/bin/moc -DQT_NO_IMPORT_QT47_QML -DQ_OS_BLACKBERRY -DQT_DECLARATIVE_DEBUG -DQT_DECLARATIVE_LIB -DQT_CORE_LIB -DQT_SHARED -I/Applications/Momentics.app/target_10_3_1_995/qnx6/usr/share/qt4/mkspecs/blackberry-armv7le-qcc -I../../BMICalculator -I/Applications/Momentics.app/target_10_3_1_995/qnx6/usr/include/qt4/QtCore -I/Applications/Momentics.app/target_10_3_1_995/qnx6/usr/include/qt4/QtDeclarative -I/Applications/Momentics.app/target_10_3_1_995/qnx6/usr/include/qt4 -Io.le-v7-g/.moc -I/Applications/Momentics.app/target_10_3_1_995/qnx6/usr/include/bb1 -I/Applications/Momentics.app/target_10_3_1_995/qnx6/usr/include -I/Applications/Momentics.app/target_10_3_1_995/qnx6/usr/include/freetype2 -I. -D__QNXNTO__ ../src/applicationui.hpp -o o.le-v7-g/.moc/moc_applicationui.cpp
qcc -Vgcc_ntoarmv7le -Wno-psabi -lang-c++ -fstack-protector -fstack-protector-all -mcpu=cortex-a9 -g -Wno-psabi -Wall -W -D_REENTRANT -DQT_NO_IMPORT_QT47_QML -DQ_OS_BLACKBERRY -DQT_DECLARATIVE_DEBUG -DQT_DECLARATIVE_LIB -DQT_CORE_LIB -DQT_SHARED -I/Applications/Momentics.app/target_10_3_1_995/qnx6/usr/share/qt4/mkspecs/blackberry-armv7le-qcc -I../../BMICalculator -I/Applications/Momentics.app/target_10_3_1_995/qnx6/usr/include/qt4/QtCore -I/Applications/Momentics.app/target_10_3_1_995/qnx6/usr/include/qt4/QtDeclarative -I/Applications/Momentics.app/target_10_3_1_995/qnx6/usr/include/qt4 -Io.le-v7-g/.moc -I/Applications/Momentics.app/target_10_3_1_995/qnx6/usr/include/bb1 -I/Applications/Momentics.app/target_10_3_1_995/qnx6/usr/include -I/Applications/Momentics.app/target_10_3_1_995/qnx6/usr/include/freetype2 -I. -x c++-header -c ../precompiled.h -o o.le-v7-g/.obj/BMICalculator.gch/c++
qcc -Vgcc_ntoarmv7le -c -Wc,-include -Wc,o.le-v7-g/.obj/BMICalculator -Wno-psabi -lang-c++ -fstack-protector -fstack-protector-all -mcpu=cortex-a9 -g -Wno-psabi -Wall -W -D_REENTRANT -DQT_NO_IMPORT_QT47_QML -DQ_OS_BLACKBERRY -DQT_DECLARATIVE_DEBUG -DQT_DECLARATIVE_LIB -DQT_CORE_LIB -DQT_SHARED -I/Applications/Momentics.app/target_10_3_1_995/qnx6/usr/share/qt4/mkspecs/blackberry-armv7le-qcc -I../../BMICalculator -I/Applications/Momentics.app/target_10_3_1_995/qnx6/usr/include/qt4/QtCore -I/Applications/Momentics.app/target_10_3_1_995/qnx6/usr/include/qt4/QtDeclarative -I/Applications/Momentics.app/target_10_3_1_995/qnx6/usr/include/qt4 -Io.le-v7-g/.moc -I/Applications/Momentics.app/target_10_3_1_995/qnx6/usr/include/bb1 -I/Applications/Momentics.app/target_10_3_1_995/qnx6/usr/include -I/Applications/Momentics.app/target_10_3_1_995/qnx6/usr/include/freetype2 -I. -o o.le-v7-g/.obj/applicationui.o ../src/applicationui.cpp
qcc -Vgcc_ntoarmv7le -c -Wc,-include -Wc,o.le-v7-g/.obj/BMICalculator -Wno-psabi -lang-c++ -fstack-protector -fstack-protector-all -mcpu=cortex-a9 -g -Wno-psabi -Wall -W -D_REENTRANT -DQT_NO_IMPORT_QT47_QML -DQ_OS_BLACKBERRY -DQT_DECLARATIVE_DEBUG -DQT_DECLARATIVE_LIB -DQT_CORE_LIB -DQT_SHARED -I/Applications/Momentics.app/target_10_3_1_995/qnx6/usr/share/qt4/mkspecs/blackberry-armv7le-qcc -I../../BMICalculator -I/Applications/Momentics.app/target_10_3_1_995/qnx6/usr/include/qt4/QtCore -I/Applications/Momentics.app/target_10_3_1_995/qnx6/usr/include/qt4/QtDeclarative -I/Applications/Momentics.app/target_10_3_1_995/qnx6/usr/include/qt4 -Io.le-v7-g/.moc -I/Applications/Momentics.app/target_10_3_1_995/qnx6/usr/include/bb1 -I/Applications/Momentics.app/target_10_3_1_995/qnx6/usr/include -I/Applications/Momentics.app/target_10_3_1_995/qnx6/usr/include/freetype2 -I. -o o.le-v7-g/.obj/main.o ../src/main.cpp
qcc -Vgcc_ntoarmv7le -c -Wc,-include -Wc,o.le-v7-g/.obj/BMICalculator -Wno-psabi -lang-c++ -fstack-protector -fstack-protector-all -mcpu=cortex-a9 -g -Wno-psabi -Wall -W -D_REENTRANT -DQT_NO_IMPORT_QT47_QML -DQ_OS_BLACKBERRY -DQT_DECLARATIVE_DEBUG -DQT_DECLARATIVE_LIB -DQT_CORE_LIB -DQT_SHARED -I/Applications/Momentics.app/target_10_3_1_995/qnx6/usr/share/qt4/mkspecs/blackberry-armv7le-qcc -I../../BMICalculator -I/Applications/Momentics.app/target_10_3_1_995/qnx6/usr/include/qt4/QtCore -I/Applications/Momentics.app/target_10_3_1_995/qnx6/usr/include/qt4/QtDeclarative -I/Applications/Momentics.app/target_10_3_1_995/qnx6/usr/include/qt4 -Io.le-v7-g/.moc -I/Applications/Momentics.app/target_10_3_1_995/qnx6/usr/include/bb1 -I/Applications/Momentics.app/target_10_3_1_995/qnx6/usr/include -I/Applications/Momentics.app/target_10_3_1_995/qnx6/usr/include/freetype2 -I. -o o.le-v7-g/.obj/moc_applicationui.o o.le-v7-g/.moc/moc_applicationui.cpp
qcc -Vgcc_ntoarmv7le -lang-c++ -Wl,-rpath-link,/Applications/Momentics.app/target_10_3_1_995/qnx6/armle-v7/lib -Wl,-rpath-link,/Applications/Momentics.app/target_10_3_1_995/qnx6/armle-v7/usr/lib -Wl,-rpath-link,/Applications/Momentics.app/target_10_3_1_995/qnx6/armle-v7/usr/lib/qt4/lib -Wl,-rpath-link,/Applications/Momentics.app/target_10_3_1_995/qnx6/armle-v7/usr/lib/qt4/lib -o o.le-v7-g/BMICalculator o.le-v7-g/.obj/applicationui.o o.le-v7-g/.obj/main.o o.le-v7-g/.obj/moc_applicationui.o    -L/Applications/Momentics.app/target_10_3_1_995/qnx6/armle-v7/usr/lib/bb1 -L/Applications/Momentics.app/target_10_3_1_995/qnx6/armle-v7/lib -L/Applications/Momentics.app/target_10_3_1_995/qnx6/armle-v7/usr/lib -L/Applications/Momentics.app/target_10_3_1_995/qnx6/armle-v7/usr/lib/qt4/lib -L/Applications/Momentics.app/target_10_3_1_995/qnx6//usr/lib/qt4/lib -lbbcascades -lQtDeclarative -lQtScript -lQtSvg -lQtSql -lsqlite3 -lz -lQtXmlPatterns -lQtGui -lQtNetwork -lsocket -lQtCore -lm -lbps 
make[2]: Leaving directory '/Users/Arthur/Dropbox/App/qt/Blackberry/blackberry-10-native/BMICalculator/arm'
make[1]: Leaving directory '/Users/Arthur/Dropbox/App/qt/Blackberry/blackberry-10-native/BMICalculator/arm'
11:36:05 **** Incremental Build of configuration Simulator-Debug for project BMICalculator ****
make -j3 Simulator-Debug 
make -C .//translations -f Makefile update
make[1]: Entering directory '/Users/Arthur/Dropbox/App/qt/Blackberry/blackberry-10-native/BMICalculator/translations'
/Applications/Momentics.app/host_10_3_1_12/darwin/x86/usr/bin/lupdate BMICalculator.pro
cd x86 && /Applications/Momentics.app/host_10_3_1_12/darwin/x86/usr/bin/qmake -spec blackberry-x86-qcc ../BMICalculator.pro  CONFIG+=debug_and_release CONFIG+=simulator
Updating 'BMICalculator.ts'...
    Found 0 source text(s) (0 new and 0 already existing)
    Kept 1 obsolete entries
make[1]: Leaving directory '/Users/Arthur/Dropbox/App/qt/Blackberry/blackberry-10-native/BMICalculator/translations'
make -C .//translations -f Makefile release
make[1]: Entering directory '/Users/Arthur/Dropbox/App/qt/Blackberry/blackberry-10-native/BMICalculator/translations'
/Applications/Momentics.app/host_10_3_1_12/darwin/x86/usr/bin/lrelease BMICalculator.pro
Updating '/Users/Arthur/Dropbox/App/qt/Blackberry/blackberry-10-native/BMICalculator/translations/BMICalculator.qm'...
    Generated 0 translation(s) (0 finished and 0 unfinished)
make[1]: Leaving directory '/Users/Arthur/Dropbox/App/qt/Blackberry/blackberry-10-native/BMICalculator/translations'
make -C ./x86 -f Makefile debug
make[1]: Entering directory '/Users/Arthur/Dropbox/App/qt/Blackberry/blackberry-10-native/BMICalculator/x86'
make -f Makefile.Debug
make[2]: Entering directory '/Users/Arthur/Dropbox/App/qt/Blackberry/blackberry-10-native/BMICalculator/x86'
/Applications/Momentics.app/host_10_3_1_12/darwin/x86/usr/bin/moc -DQT_NO_IMPORT_QT47_QML -DQ_OS_BLACKBERRY -DQT_DECLARATIVE_DEBUG -DQT_DECLARATIVE_LIB -DQT_CORE_LIB -DQT_SHARED -I/Applications/Momentics.app/target_10_3_1_995/qnx6/usr/share/qt4/mkspecs/blackberry-x86-qcc -I../../BMICalculator -I/Applications/Momentics.app/target_10_3_1_995/qnx6/usr/include/qt4/QtCore -I/Applications/Momentics.app/target_10_3_1_995/qnx6/usr/include/qt4/QtDeclarative -I/Applications/Momentics.app/target_10_3_1_995/qnx6/usr/include/qt4 -Io-g/.moc -I/Applications/Momentics.app/target_10_3_1_995/qnx6/usr/include/bb1 -I/Applications/Momentics.app/target_10_3_1_995/qnx6/usr/include -I/Applications/Momentics.app/target_10_3_1_995/qnx6/usr/include/freetype2 -I. -D__QNXNTO__ ../src/applicationui.hpp -o o-g/.moc/moc_applicationui.cpp
qcc -Vgcc_ntox86 -Wno-psabi -lang-c++ -fstack-protector -fstack-protector-all -g -Wno-psabi -Wall -W -D_REENTRANT -DQT_NO_IMPORT_QT47_QML -DQ_OS_BLACKBERRY -DQT_DECLARATIVE_DEBUG -DQT_DECLARATIVE_LIB -DQT_CORE_LIB -DQT_SHARED -I/Applications/Momentics.app/target_10_3_1_995/qnx6/usr/share/qt4/mkspecs/blackberry-x86-qcc -I../../BMICalculator -I/Applications/Momentics.app/target_10_3_1_995/qnx6/usr/include/qt4/QtCore -I/Applications/Momentics.app/target_10_3_1_995/qnx6/usr/include/qt4/QtDeclarative -I/Applications/Momentics.app/target_10_3_1_995/qnx6/usr/include/qt4 -Io-g/.moc -I/Applications/Momentics.app/target_10_3_1_995/qnx6/usr/include/bb1 -I/Applications/Momentics.app/target_10_3_1_995/qnx6/usr/include -I/Applications/Momentics.app/target_10_3_1_995/qnx6/usr/include/freetype2 -I. -x c++-header -c ../precompiled.h -o o-g/.obj/BMICalculator.gch/c++
qcc -Vgcc_ntox86 -c -Wc,-include -Wc,o-g/.obj/BMICalculator -Wno-psabi -lang-c++ -fstack-protector -fstack-protector-all -g -Wno-psabi -Wall -W -D_REENTRANT -DQT_NO_IMPORT_QT47_QML -DQ_OS_BLACKBERRY -DQT_DECLARATIVE_DEBUG -DQT_DECLARATIVE_LIB -DQT_CORE_LIB -DQT_SHARED -I/Applications/Momentics.app/target_10_3_1_995/qnx6/usr/share/qt4/mkspecs/blackberry-x86-qcc -I../../BMICalculator -I/Applications/Momentics.app/target_10_3_1_995/qnx6/usr/include/qt4/QtCore -I/Applications/Momentics.app/target_10_3_1_995/qnx6/usr/include/qt4/QtDeclarative -I/Applications/Momentics.app/target_10_3_1_995/qnx6/usr/include/qt4 -Io-g/.moc -I/Applications/Momentics.app/target_10_3_1_995/qnx6/usr/include/bb1 -I/Applications/Momentics.app/target_10_3_1_995/qnx6/usr/include -I/Applications/Momentics.app/target_10_3_1_995/qnx6/usr/include/freetype2 -I. -o o-g/.obj/applicationui.o ../src/applicationui.cpp
qcc -Vgcc_ntox86 -c -Wc,-include -Wc,o-g/.obj/BMICalculator -Wno-psabi -lang-c++ -fstack-protector -fstack-protector-all -g -Wno-psabi -Wall -W -D_REENTRANT -DQT_NO_IMPORT_QT47_QML -DQ_OS_BLACKBERRY -DQT_DECLARATIVE_DEBUG -DQT_DECLARATIVE_LIB -DQT_CORE_LIB -DQT_SHARED -I/Applications/Momentics.app/target_10_3_1_995/qnx6/usr/share/qt4/mkspecs/blackberry-x86-qcc -I../../BMICalculator -I/Applications/Momentics.app/target_10_3_1_995/qnx6/usr/include/qt4/QtCore -I/Applications/Momentics.app/target_10_3_1_995/qnx6/usr/include/qt4/QtDeclarative -I/Applications/Momentics.app/target_10_3_1_995/qnx6/usr/include/qt4 -Io-g/.moc -I/Applications/Momentics.app/target_10_3_1_995/qnx6/usr/include/bb1 -I/Applications/Momentics.app/target_10_3_1_995/qnx6/usr/include -I/Applications/Momentics.app/target_10_3_1_995/qnx6/usr/include/freetype2 -I. -o o-g/.obj/main.o ../src/main.cpp
qcc -Vgcc_ntox86 -c -Wc,-include -Wc,o-g/.obj/BMICalculator -Wno-psabi -lang-c++ -fstack-protector -fstack-protector-all -g -Wno-psabi -Wall -W -D_REENTRANT -DQT_NO_IMPORT_QT47_QML -DQ_OS_BLACKBERRY -DQT_DECLARATIVE_DEBUG -DQT_DECLARATIVE_LIB -DQT_CORE_LIB -DQT_SHARED -I/Applications/Momentics.app/target_10_3_1_995/qnx6/usr/share/qt4/mkspecs/blackberry-x86-qcc -I../../BMICalculator -I/Applications/Momentics.app/target_10_3_1_995/qnx6/usr/include/qt4/QtCore -I/Applications/Momentics.app/target_10_3_1_995/qnx6/usr/include/qt4/QtDeclarative -I/Applications/Momentics.app/target_10_3_1_995/qnx6/usr/include/qt4 -Io-g/.moc -I/Applications/Momentics.app/target_10_3_1_995/qnx6/usr/include/bb1 -I/Applications/Momentics.app/target_10_3_1_995/qnx6/usr/include -I/Applications/Momentics.app/target_10_3_1_995/qnx6/usr/include/freetype2 -I. -o o-g/.obj/moc_applicationui.o o-g/.moc/moc_applicationui.cpp
qcc -Vgcc_ntox86 -lang-c++ -Wl,-rpath-link,/Applications/Momentics.app/target_10_3_1_995/qnx6/x86/lib -Wl,-rpath-link,/Applications/Momentics.app/target_10_3_1_995/qnx6/x86/usr/lib -Wl,-rpath-link,/Applications/Momentics.app/target_10_3_1_995/qnx6/x86/usr/lib/qt4/lib -Wl,-rpath-link,/Applications/Momentics.app/target_10_3_1_995/qnx6/x86/usr/lib/qt4/lib -o o-g/BMICalculator o-g/.obj/applicationui.o o-g/.obj/main.o o-g/.obj/moc_applicationui.o    -L/Applications/Momentics.app/target_10_3_1_995/qnx6/x86/usr/lib/bb1 -L/Applications/Momentics.app/target_10_3_1_995/qnx6/x86/lib -L/Applications/Momentics.app/target_10_3_1_995/qnx6/x86/usr/lib -L/Applications/Momentics.app/target_10_3_1_995/qnx6/x86/usr/lib/qt4/lib -L/Applications/Momentics.app/target_10_3_1_995/qnx6//usr/lib/qt4/lib -lbbcascades -lQtDeclarative -lQtScript -lQtSvg -lQtSql -lsqlite3 -lz -lQtXmlPatterns -lQtGui -lQtNetwork -lsocket -lQtCore -lm -lbps 
make[2]: Leaving directory '/Users/Arthur/Dropbox/App/qt/Blackberry/blackberry-10-native/BMICalculator/x86'
make[1]: Leaving directory '/Users/Arthur/Dropbox/App/qt/Blackberry/blackberry-10-native/BMICalculator/x86'
12:14:39 **** Incremental Build of configuration Simulator-Debug for project BMICalculator ****
make -j3 Simulator-Debug 
make -C .//translations -f Makefile update
make[1]: Entering directory '/Users/Arthur/Dropbox/App/qt/Blackberry/blackberry-10-native/BMICalculator/translations'
/Applications/Momentics.app/host_10_3_1_12/darwin/x86/usr/bin/lupdate BMICalculator.pro
Updating 'BMICalculator.ts'...
    Found 0 source text(s) (0 new and 0 already existing)
make[1]: Leaving directory '/Users/Arthur/Dropbox/App/qt/Blackberry/blackberry-10-native/BMICalculator/translations'
make -C .//translations -f Makefile release
make[1]: Entering directory '/Users/Arthur/Dropbox/App/qt/Blackberry/blackberry-10-native/BMICalculator/translations'
/Applications/Momentics.app/host_10_3_1_12/darwin/x86/usr/bin/lrelease BMICalculator.pro
Updating '/Users/Arthur/Dropbox/App/qt/Blackberry/blackberry-10-native/BMICalculator/translations/BMICalculator.qm'...
    Generated 0 translation(s) (0 finished and 0 unfinished)
make[1]: Leaving directory '/Users/Arthur/Dropbox/App/qt/Blackberry/blackberry-10-native/BMICalculator/translations'
make -C ./x86 -f Makefile debug
make[1]: Entering directory '/Users/Arthur/Dropbox/App/qt/Blackberry/blackberry-10-native/BMICalculator/x86'
make -f Makefile.Debug
make[2]: Entering directory '/Users/Arthur/Dropbox/App/qt/Blackberry/blackberry-10-native/BMICalculator/x86'
make[2]: Nothing to be done for 'first'.
make[2]: Leaving directory '/Users/Arthur/Dropbox/App/qt/Blackberry/blackberry-10-native/BMICalculator/x86'
make[1]: Leaving directory '/Users/Arthur/Dropbox/App/qt/Blackberry/blackberry-10-native/BMICalculator/x86'
14:45:21 **** Incremental Build of configuration Simulator-Debug for project BMICalculator ****
make -j3 Simulator-Debug 
make -C .//translations -f Makefile update
make[1]: Entering directory '/Users/Arthur/Dropbox/App/qt/Blackberry/blackberry-10-native/BMICalculator/translations'
/Applications/Momentics.app/host_10_3_1_12/darwin/x86/usr/bin/lupdate BMICalculator.pro
Updating 'BMICalculator.ts'...
    Found 0 source text(s) (0 new and 0 already existing)
make[1]: Leaving directory '/Users/Arthur/Dropbox/App/qt/Blackberry/blackberry-10-native/BMICalculator/translations'
make -C .//translations -f Makefile release
make[1]: Entering directory '/Users/Arthur/Dropbox/App/qt/Blackberry/blackberry-10-native/BMICalculator/translations'
/Applications/Momentics.app/host_10_3_1_12/darwin/x86/usr/bin/lrelease BMICalculator.pro
Updating '/Users/Arthur/Dropbox/App/qt/Blackberry/blackberry-10-native/BMICalculator/translations/BMICalculator.qm'...
    Generated 0 translation(s) (0 finished and 0 unfinished)
make[1]: Leaving directory '/Users/Arthur/Dropbox/App/qt/Blackberry/blackberry-10-native/BMICalculator/translations'
make -C ./x86 -f Makefile debug
make[1]: Entering directory '/Users/Arthur/Dropbox/App/qt/Blackberry/blackberry-10-native/BMICalculator/x86'
make -f Makefile.Debug
make[2]: Entering directory '/Users/Arthur/Dropbox/App/qt/Blackberry/blackberry-10-native/BMICalculator/x86'
make[2]: Nothing to be done for 'first'.
make[2]: Leaving directory '/Users/Arthur/Dropbox/App/qt/Blackberry/blackberry-10-native/BMICalculator/x86'
make[1]: Leaving directory '/Users/Arthur/Dropbox/App/qt/Blackberry/blackberry-10-native/BMICalculator/x86'
15:02:19 **** Incremental Build of configuration Simulator-Debug for project BMICalculator ****
make -j3 Simulator-Debug 
make -C .//translations -f Makefile update
make[1]: Entering directory '/Users/Arthur/Dropbox/App/qt/Blackberry/blackberry-10-native/BMICalculator/translations'
/Applications/Momentics.app/host_10_3_1_12/darwin/x86/usr/bin/lupdate BMICalculator.pro
Updating 'BMICalculator.ts'...
    Found 0 source text(s) (0 new and 0 already existing)
make[1]: Leaving directory '/Users/Arthur/Dropbox/App/qt/Blackberry/blackberry-10-native/BMICalculator/translations'
make -C .//translations -f Makefile release
make[1]: Entering directory '/Users/Arthur/Dropbox/App/qt/Blackberry/blackberry-10-native/BMICalculator/translations'
/Applications/Momentics.app/host_10_3_1_12/darwin/x86/usr/bin/lrelease BMICalculator.pro
Updating '/Users/Arthur/Dropbox/App/qt/Blackberry/blackberry-10-native/BMICalculator/translations/BMICalculator.qm'...
    Generated 0 translation(s) (0 finished and 0 unfinished)
make[1]: Leaving directory '/Users/Arthur/Dropbox/App/qt/Blackberry/blackberry-10-native/BMICalculator/translations'
make -C ./x86 -f Makefile debug
make[1]: Entering directory '/Users/Arthur/Dropbox/App/qt/Blackberry/blackberry-10-native/BMICalculator/x86'
/Applications/Momentics.app/host_10_3_1_12/darwin/x86/usr/bin/qmake -spec /Applications/Momentics.app/target_10_3_1_995/qnx6/usr/share/qt4/mkspecs/blackberry-x86-qcc CONFIG+=debug_and_release CONFIG+=simulator -o Makefile ../BMICalculator.pro
make -f Makefile.Debug
make[2]: Entering directory '/Users/Arthur/Dropbox/App/qt/Blackberry/blackberry-10-native/BMICalculator/x86'
make[2]: Nothing to be done for 'first'.
make[2]: Leaving directory '/Users/Arthur/Dropbox/App/qt/Blackberry/blackberry-10-native/BMICalculator/x86'
make[1]: Leaving directory '/Users/Arthur/Dropbox/App/qt/Blackberry/blackberry-10-native/BMICalculator/x86'
15:03:52 **** Incremental Build of configuration Simulator-Debug for project BMICalculator ****
make -j3 Simulator-Debug 
make -C .//translations -f Makefile update
make[1]: Entering directory '/Users/Arthur/Dropbox/App/qt/Blackberry/blackberry-10-native/BMICalculator/translations'
/Applications/Momentics.app/host_10_3_1_12/darwin/x86/usr/bin/lupdate BMICalculator.pro
Updating 'BMICalculator.ts'...
    Found 0 source text(s) (0 new and 0 already existing)
make[1]: Leaving directory '/Users/Arthur/Dropbox/App/qt/Blackberry/blackberry-10-native/BMICalculator/translations'
make -C .//translations -f Makefile release
make[1]: Entering directory '/Users/Arthur/Dropbox/App/qt/Blackberry/blackberry-10-native/BMICalculator/translations'
/Applications/Momentics.app/host_10_3_1_12/darwin/x86/usr/bin/lrelease BMICalculator.pro
Updating '/Users/Arthur/Dropbox/App/qt/Blackberry/blackberry-10-native/BMICalculator/translations/BMICalculator.qm'...
    Generated 0 translation(s) (0 finished and 0 unfinished)
make[1]: Leaving directory '/Users/Arthur/Dropbox/App/qt/Blackberry/blackberry-10-native/BMICalculator/translations'
make -C ./x86 -f Makefile debug
make[1]: Entering directory '/Users/Arthur/Dropbox/App/qt/Blackberry/blackberry-10-native/BMICalculator/x86'
make -f Makefile.Debug
make[2]: Entering directory '/Users/Arthur/Dropbox/App/qt/Blackberry/blackberry-10-native/BMICalculator/x86'
make[2]: Nothing to be done for 'first'.
make[2]: Leaving directory '/Users/Arthur/Dropbox/App/qt/Blackberry/blackberry-10-native/BMICalculator/x86'
make[1]: Leaving directory '/Users/Arthur/Dropbox/App/qt/Blackberry/blackberry-10-native/BMICalculator/x86'
15:05:18 **** Incremental Build of configuration Simulator-Debug for project BMICalculator ****
make -j3 Simulator-Debug 
make -C .//translations -f Makefile update
make[1]: Entering directory '/Users/Arthur/Dropbox/App/qt/Blackberry/blackberry-10-native/BMICalculator/translations'
/Applications/Momentics.app/host_10_3_1_12/darwin/x86/usr/bin/lupdate BMICalculator.pro
Updating 'BMICalculator.ts'...
    Found 0 source text(s) (0 new and 0 already existing)
make[1]: Leaving directory '/Users/Arthur/Dropbox/App/qt/Blackberry/blackberry-10-native/BMICalculator/translations'
make -C .//translations -f Makefile release
make[1]: Entering directory '/Users/Arthur/Dropbox/App/qt/Blackberry/blackberry-10-native/BMICalculator/translations'
/Applications/Momentics.app/host_10_3_1_12/darwin/x86/usr/bin/lrelease BMICalculator.pro
Updating '/Users/Arthur/Dropbox/App/qt/Blackberry/blackberry-10-native/BMICalculator/translations/BMICalculator.qm'...
    Generated 0 translation(s) (0 finished and 0 unfinished)
make[1]: Leaving directory '/Users/Arthur/Dropbox/App/qt/Blackberry/blackberry-10-native/BMICalculator/translations'
make -C ./x86 -f Makefile debug
make[1]: Entering directory '/Users/Arthur/Dropbox/App/qt/Blackberry/blackberry-10-native/BMICalculator/x86'
make -f Makefile.Debug
make[2]: Entering directory '/Users/Arthur/Dropbox/App/qt/Blackberry/blackberry-10-native/BMICalculator/x86'
make[2]: Nothing to be done for 'first'.
make[2]: Leaving directory '/Users/Arthur/Dropbox/App/qt/Blackberry/blackberry-10-native/BMICalculator/x86'
make[1]: Leaving directory '/Users/Arthur/Dropbox/App/qt/Blackberry/blackberry-10-native/BMICalculator/x86'
