12:31:00 **** Incremental Build of configuration Simulator-Debug for project HelloWorld ****
make -j3 Simulator-Debug 
make -C .//translations -f Makefile update
make[1]: Entering directory '/Users/Arthur/Dropbox/App/qt/Blackberry/blackberry-10-native/HelloWorld/translations'
/Applications/Momentics.app/host_10_3_1_12/darwin/x86/usr/bin/lupdate HelloWorld.pro
Updating 'HelloWorld.ts'...
    Found 0 source text(s) (0 new and 0 already existing)
make[1]: Leaving directory '/Users/Arthur/Dropbox/App/qt/Blackberry/blackberry-10-native/HelloWorld/translations'
make -C .//translations -f Makefile release
make[1]: Entering directory '/Users/Arthur/Dropbox/App/qt/Blackberry/blackberry-10-native/HelloWorld/translations'
/Applications/Momentics.app/host_10_3_1_12/darwin/x86/usr/bin/lrelease HelloWorld.pro
Updating '/Users/Arthur/Dropbox/App/qt/Blackberry/blackberry-10-native/HelloWorld/translations/HelloWorld.qm'...
    Generated 0 translation(s) (0 finished and 0 unfinished)
make[1]: Leaving directory '/Users/Arthur/Dropbox/App/qt/Blackberry/blackberry-10-native/HelloWorld/translations'
make -C ./x86 -f Makefile debug
make[1]: Entering directory '/Users/Arthur/Dropbox/App/qt/Blackberry/blackberry-10-native/HelloWorld/x86'
make -f Makefile.Debug
make[2]: Entering directory '/Users/Arthur/Dropbox/App/qt/Blackberry/blackberry-10-native/HelloWorld/x86'
make[2]: Nothing to be done for 'first'.
make[2]: Leaving directory '/Users/Arthur/Dropbox/App/qt/Blackberry/blackberry-10-native/HelloWorld/x86'
make[1]: Leaving directory '/Users/Arthur/Dropbox/App/qt/Blackberry/blackberry-10-native/HelloWorld/x86'

12:31:00 Build Finished (took 224ms)

