08:51:16 **** Build of configuration Device-Debug for project ImageOpacity ****
make -j3 Device-Debug 
make -C .//translations -f Makefile update
make[1]: Entering directory '/Users/Arthur/Dropbox/App/qt/Blackberry/blackberry-10-native/ImageOpacity/translations'
/Applications/Momentics.app/host_10_3_1_12/darwin/x86/usr/bin/lupdate ImageOpacity.pro
cd arm && /Applications/Momentics.app/host_10_3_1_12/darwin/x86/usr/bin/qmake -spec blackberry-armv7le-qcc ../ImageOpacity.pro CONFIG+=debug_and_release CONFIG+=device
Updating 'ImageOpacity.ts'...
    Found 1 source text(s) (1 new and 0 already existing)
make[1]: Leaving directory '/Users/Arthur/Dropbox/App/qt/Blackberry/blackberry-10-native/ImageOpacity/translations'
make -C .//translations -f Makefile release
make[1]: Entering directory '/Users/Arthur/Dropbox/App/qt/Blackberry/blackberry-10-native/ImageOpacity/translations'
/Applications/Momentics.app/host_10_3_1_12/darwin/x86/usr/bin/lrelease ImageOpacity.pro
Updating '/Users/Arthur/Dropbox/App/qt/Blackberry/blackberry-10-native/ImageOpacity/translations/ImageOpacity.qm'...
    Generated 0 translation(s) (0 finished and 0 unfinished)
    Ignored 1 untranslated source text(s)
make[1]: Leaving directory '/Users/Arthur/Dropbox/App/qt/Blackberry/blackberry-10-native/ImageOpacity/translations'
make -C ./arm -f Makefile debug
make[1]: Entering directory '/Users/Arthur/Dropbox/App/qt/Blackberry/blackberry-10-native/ImageOpacity/arm'
make -f Makefile.Debug
make[2]: Entering directory '/Users/Arthur/Dropbox/App/qt/Blackberry/blackberry-10-native/ImageOpacity/arm'
/Applications/Momentics.app/host_10_3_1_12/darwin/x86/usr/bin/moc -DQT_NO_IMPORT_QT47_QML -DQ_OS_BLACKBERRY -DQT_DECLARATIVE_DEBUG -DQT_DECLARATIVE_LIB -DQT_CORE_LIB -DQT_SHARED -I/Applications/Momentics.app/target_10_3_1_995/qnx6/usr/share/qt4/mkspecs/blackberry-armv7le-qcc -I../../ImageOpacity -I/Applications/Momentics.app/target_10_3_1_995/qnx6/usr/include/qt4/QtCore -I/Applications/Momentics.app/target_10_3_1_995/qnx6/usr/include/qt4/QtDeclarative -I/Applications/Momentics.app/target_10_3_1_995/qnx6/usr/include/qt4 -Io.le-v7-g/.moc -I/Applications/Momentics.app/target_10_3_1_995/qnx6/usr/include/bb1 -I/Applications/Momentics.app/target_10_3_1_995/qnx6/usr/include -I/Applications/Momentics.app/target_10_3_1_995/qnx6/usr/include/freetype2 -I. -D__QNXNTO__ ../src/applicationui.hpp -o o.le-v7-g/.moc/moc_applicationui.cpp
qcc -Vgcc_ntoarmv7le -Wno-psabi -lang-c++ -fstack-protector -fstack-protector-all -mcpu=cortex-a9 -g -Wno-psabi -Wall -W -D_REENTRANT -DQT_NO_IMPORT_QT47_QML -DQ_OS_BLACKBERRY -DQT_DECLARATIVE_DEBUG -DQT_DECLARATIVE_LIB -DQT_CORE_LIB -DQT_SHARED -I/Applications/Momentics.app/target_10_3_1_995/qnx6/usr/share/qt4/mkspecs/blackberry-armv7le-qcc -I../../ImageOpacity -I/Applications/Momentics.app/target_10_3_1_995/qnx6/usr/include/qt4/QtCore -I/Applications/Momentics.app/target_10_3_1_995/qnx6/usr/include/qt4/QtDeclarative -I/Applications/Momentics.app/target_10_3_1_995/qnx6/usr/include/qt4 -Io.le-v7-g/.moc -I/Applications/Momentics.app/target_10_3_1_995/qnx6/usr/include/bb1 -I/Applications/Momentics.app/target_10_3_1_995/qnx6/usr/include -I/Applications/Momentics.app/target_10_3_1_995/qnx6/usr/include/freetype2 -I. -x c++-header -c ../precompiled.h -o o.le-v7-g/.obj/ImageOpacity.gch/c++
qcc -Vgcc_ntoarmv7le -c -Wc,-include -Wc,o.le-v7-g/.obj/ImageOpacity -Wno-psabi -lang-c++ -fstack-protector -fstack-protector-all -mcpu=cortex-a9 -g -Wno-psabi -Wall -W -D_REENTRANT -DQT_NO_IMPORT_QT47_QML -DQ_OS_BLACKBERRY -DQT_DECLARATIVE_DEBUG -DQT_DECLARATIVE_LIB -DQT_CORE_LIB -DQT_SHARED -I/Applications/Momentics.app/target_10_3_1_995/qnx6/usr/share/qt4/mkspecs/blackberry-armv7le-qcc -I../../ImageOpacity -I/Applications/Momentics.app/target_10_3_1_995/qnx6/usr/include/qt4/QtCore -I/Applications/Momentics.app/target_10_3_1_995/qnx6/usr/include/qt4/QtDeclarative -I/Applications/Momentics.app/target_10_3_1_995/qnx6/usr/include/qt4 -Io.le-v7-g/.moc -I/Applications/Momentics.app/target_10_3_1_995/qnx6/usr/include/bb1 -I/Applications/Momentics.app/target_10_3_1_995/qnx6/usr/include -I/Applications/Momentics.app/target_10_3_1_995/qnx6/usr/include/freetype2 -I. -o o.le-v7-g/.obj/applicationui.o ../src/applicationui.cpp
qcc -Vgcc_ntoarmv7le -c -Wc,-include -Wc,o.le-v7-g/.obj/ImageOpacity -Wno-psabi -lang-c++ -fstack-protector -fstack-protector-all -mcpu=cortex-a9 -g -Wno-psabi -Wall -W -D_REENTRANT -DQT_NO_IMPORT_QT47_QML -DQ_OS_BLACKBERRY -DQT_DECLARATIVE_DEBUG -DQT_DECLARATIVE_LIB -DQT_CORE_LIB -DQT_SHARED -I/Applications/Momentics.app/target_10_3_1_995/qnx6/usr/share/qt4/mkspecs/blackberry-armv7le-qcc -I../../ImageOpacity -I/Applications/Momentics.app/target_10_3_1_995/qnx6/usr/include/qt4/QtCore -I/Applications/Momentics.app/target_10_3_1_995/qnx6/usr/include/qt4/QtDeclarative -I/Applications/Momentics.app/target_10_3_1_995/qnx6/usr/include/qt4 -Io.le-v7-g/.moc -I/Applications/Momentics.app/target_10_3_1_995/qnx6/usr/include/bb1 -I/Applications/Momentics.app/target_10_3_1_995/qnx6/usr/include -I/Applications/Momentics.app/target_10_3_1_995/qnx6/usr/include/freetype2 -I. -o o.le-v7-g/.obj/main.o ../src/main.cpp
qcc -Vgcc_ntoarmv7le -c -Wc,-include -Wc,o.le-v7-g/.obj/ImageOpacity -Wno-psabi -lang-c++ -fstack-protector -fstack-protector-all -mcpu=cortex-a9 -g -Wno-psabi -Wall -W -D_REENTRANT -DQT_NO_IMPORT_QT47_QML -DQ_OS_BLACKBERRY -DQT_DECLARATIVE_DEBUG -DQT_DECLARATIVE_LIB -DQT_CORE_LIB -DQT_SHARED -I/Applications/Momentics.app/target_10_3_1_995/qnx6/usr/share/qt4/mkspecs/blackberry-armv7le-qcc -I../../ImageOpacity -I/Applications/Momentics.app/target_10_3_1_995/qnx6/usr/include/qt4/QtCore -I/Applications/Momentics.app/target_10_3_1_995/qnx6/usr/include/qt4/QtDeclarative -I/Applications/Momentics.app/target_10_3_1_995/qnx6/usr/include/qt4 -Io.le-v7-g/.moc -I/Applications/Momentics.app/target_10_3_1_995/qnx6/usr/include/bb1 -I/Applications/Momentics.app/target_10_3_1_995/qnx6/usr/include -I/Applications/Momentics.app/target_10_3_1_995/qnx6/usr/include/freetype2 -I. -o o.le-v7-g/.obj/moc_applicationui.o o.le-v7-g/.moc/moc_applicationui.cpp
qcc -Vgcc_ntoarmv7le -lang-c++ -Wl,-rpath-link,/Applications/Momentics.app/target_10_3_1_995/qnx6/armle-v7/lib -Wl,-rpath-link,/Applications/Momentics.app/target_10_3_1_995/qnx6/armle-v7/usr/lib -Wl,-rpath-link,/Applications/Momentics.app/target_10_3_1_995/qnx6/armle-v7/usr/lib/qt4/lib -Wl,-rpath-link,/Applications/Momentics.app/target_10_3_1_995/qnx6/armle-v7/usr/lib/qt4/lib -o o.le-v7-g/ImageOpacity o.le-v7-g/.obj/applicationui.o o.le-v7-g/.obj/main.o o.le-v7-g/.obj/moc_applicationui.o    -L/Applications/Momentics.app/target_10_3_1_995/qnx6/armle-v7/usr/lib/bb1 -L/Applications/Momentics.app/target_10_3_1_995/qnx6/armle-v7/lib -L/Applications/Momentics.app/target_10_3_1_995/qnx6/armle-v7/usr/lib -L/Applications/Momentics.app/target_10_3_1_995/qnx6/armle-v7/usr/lib/qt4/lib -L/Applications/Momentics.app/target_10_3_1_995/qnx6//usr/lib/qt4/lib -lbbcascades -lQtDeclarative -lQtScript -lQtSvg -lQtSql -lsqlite3 -lz -lQtXmlPatterns -lQtGui -lQtNetwork -lsocket -lQtCore -lm -lbps 
make[2]: Leaving directory '/Users/Arthur/Dropbox/App/qt/Blackberry/blackberry-10-native/ImageOpacity/arm'
make[1]: Leaving directory '/Users/Arthur/Dropbox/App/qt/Blackberry/blackberry-10-native/ImageOpacity/arm'

08:51:51 Build Finished (took 35s.530ms)

